<?xml version="1.0" encoding="UTF-8"?>
<testsuite xmlns:xsi="http://www.w3.org/2001/XMLSchema-instance" xsi:noNamespaceSchemaLocation="https://maven.apache.org/surefire/maven-surefire-plugin/xsd/surefire-test-report-3.0.xsd" version="3.0" name="org.sakaiproject.util.impl.FormattedTextTest" time="6.704" tests="47" errors="0" skipped="0" failures="0">
  <properties>
[...]
</properties>
  <testcase name="testHrefWithSpace" classname="org.sakaiproject.util.impl.FormattedTextTest" time="2.176">
    <system-out><![CDATA[&amp#27;[32m[INFO]&amp#27;[m 1925 [main] org.sakaiproject.util.impl.FormattedTextImpl:157 FormattedText error handling: return; log errors=false; return to tool=true; notify user=false; details to user=false
&amp#27;[32m[INFO]&amp#27;[m 2240 [main] org.owasp.validator.html.Policy:294 Attempting to load AntiSamy policy from an input stream.
&amp#27;[33m[WARN]&amp#27;[m 2542 [main] org.owasp.validator.html.Policy:56 The directive "noopenerAndNoreferrerAnchors" is not enabled by default. It is recommended to enable it to prevent reverse tabnabbing attacks.
&amp#27;[32m[INFO]&amp#27;[m 2570 [main] org.owasp.validator.html.Policy:294 Attempting to load AntiSamy policy from an input stream.
&amp#27;[33m[WARN]&amp#27;[m 2613 [main] org.owasp.validator.html.Policy:56 The directive "noopenerAndNoreferrerAnchors" is not enabled by default. It is recommended to enable it to prevent reverse tabnabbing attacks.
&amp#27;[32m[INFO]&amp#27;[m 2622 [main] org.sakaiproject.util.impl.FormattedTextImpl:198 AntiSamy INIT default security level (HIGH), policy files read: high=/home/alumno/Escritorio/Sakai-GPI2/sakai/kernel/kernel-impl/antisamy/high-security-policy.xml, low=/home/alumno/Escritorio/Sakai-GPI2/sakai/kernel/kernel-impl/antisamy/low-security-policy.xml
]]></system-out>
  </testcase>
  <testcase name="testHighLowNoneScanning" classname="org.sakaiproject.util.impl.FormattedTextTest" time="0.145">
    <system-out><![CDATA[&amp#27;[32m[INFO]&amp#27;[m 2684 [main] org.sakaiproject.util.impl.FormattedTextImpl:157 FormattedText error handling: return; log errors=false; return to tool=true; notify user=false; details to user=false
&amp#27;[32m[INFO]&amp#27;[m 2704 [main] org.owasp.validator.html.Policy:294 Attempting to load AntiSamy policy from an input stream.
&amp#27;[33m[WARN]&amp#27;[m 2763 [main] org.owasp.validator.html.Policy:56 The directive "noopenerAndNoreferrerAnchors" is not enabled by default. It is recommended to enable it to prevent reverse tabnabbing attacks.
&amp#27;[32m[INFO]&amp#27;[m 2784 [main] org.owasp.validator.html.Policy:294 Attempting to load AntiSamy policy from an input stream.
&amp#27;[33m[WARN]&amp#27;[m 2821 [main] org.owasp.validator.html.Policy:56 The directive "noopenerAndNoreferrerAnchors" is not enabled by default. It is recommended to enable it to prevent reverse tabnabbing attacks.
&amp#27;[32m[INFO]&amp#27;[m 2822 [main] org.sakaiproject.util.impl.FormattedTextImpl:198 AntiSamy INIT default security level (HIGH), policy files read: high=/home/alumno/Escritorio/Sakai-GPI2/sakai/kernel/kernel-impl/antisamy/high-security-policy.xml, low=/home/alumno/Escritorio/Sakai-GPI2/sakai/kernel/kernel-impl/antisamy/low-security-policy.xml
]]></system-out>
  </testcase>
  <testcase name="testValidateURL" classname="org.sakaiproject.util.impl.FormattedTextTest" time="0.136">
    <system-out><![CDATA[&amp#27;[32m[INFO]&amp#27;[m 2830 [main] org.sakaiproject.util.impl.FormattedTextImpl:157 FormattedText error handling: return; log errors=false; return to tool=true; notify user=false; details to user=false
&amp#27;[32m[INFO]&amp#27;[m 2855 [main] org.owasp.validator.html.Policy:294 Attempting to load AntiSamy policy from an input stream.
&amp#27;[33m[WARN]&amp#27;[m 2892 [main] org.owasp.validator.html.Policy:56 The directive "noopenerAndNoreferrerAnchors" is not enabled by default. It is recommended to enable it to prevent reverse tabnabbing attacks.
&amp#27;[32m[INFO]&amp#27;[m 2911 [main] org.owasp.validator.html.Policy:294 Attempting to load AntiSamy policy from an input stream.
&amp#27;[33m[WARN]&amp#27;[m 2948 [main] org.owasp.validator.html.Policy:56 The directive "noopenerAndNoreferrerAnchors" is not enabled by default. It is recommended to enable it to prevent reverse tabnabbing attacks.
&amp#27;[32m[INFO]&amp#27;[m 2949 [main] org.sakaiproject.util.impl.FormattedTextImpl:198 AntiSamy INIT default security level (HIGH), policy files read: high=/home/alumno/Escritorio/Sakai-GPI2/sakai/kernel/kernel-impl/antisamy/high-security-policy.xml, low=/home/alumno/Escritorio/Sakai-GPI2/sakai/kernel/kernel-impl/antisamy/low-security-policy.xml
&amp#27;[32m[INFO]&amp#27;[m 2961 [main] org.sakaiproject.util.impl.FormattedTextImpl:1344 Failure during encode of href url: java.net.MalformedURLException: no protocol: www.dr-chuck.com
&amp#27;[32m[INFO]&amp#27;[m 2961 [main] org.sakaiproject.util.impl.FormattedTextImpl:1344 Failure during encode of href url: java.net.MalformedURLException: no protocol: XXXXXXXX
]]></system-out>
  </testcase>
  <testcase name="testProcessAnchorRelative" classname="org.sakaiproject.util.impl.FormattedTextTest" time="0.146">
    <system-out><![CDATA[&amp#27;[32m[INFO]&amp#27;[m 2964 [main] org.sakaiproject.util.impl.FormattedTextImpl:157 FormattedText error handling: return; log errors=false; return to tool=true; notify user=false; details to user=false
&amp#27;[32m[INFO]&amp#27;[m 2987 [main] org.owasp.validator.html.Policy:294 Attempting to load AntiSamy policy from an input stream.
&amp#27;[33m[WARN]&amp#27;[m 3037 [main] org.owasp.validator.html.Policy:56 The directive "noopenerAndNoreferrerAnchors" is not enabled by default. It is recommended to enable it to prevent reverse tabnabbing attacks.
&amp#27;[32m[INFO]&amp#27;[m 3072 [main] org.owasp.validator.html.Policy:294 Attempting to load AntiSamy policy from an input stream.
&amp#27;[33m[WARN]&amp#27;[m 3104 [main] org.owasp.validator.html.Policy:56 The directive "noopenerAndNoreferrerAnchors" is not enabled by default. It is recommended to enable it to prevent reverse tabnabbing attacks.
&amp#27;[32m[INFO]&amp#27;[m 3105 [main] org.sakaiproject.util.impl.FormattedTextImpl:198 AntiSamy INIT default security level (HIGH), policy files read: high=/home/alumno/Escritorio/Sakai-GPI2/sakai/kernel/kernel-impl/antisamy/high-security-policy.xml, low=/home/alumno/Escritorio/Sakai-GPI2/sakai/kernel/kernel-impl/antisamy/low-security-policy.xml
]]></system-out>
  </testcase>
  <testcase name="testKNL_528" classname="org.sakaiproject.util.impl.FormattedTextTest" time="0.155">
    <system-out><![CDATA[&amp#27;[32m[INFO]&amp#27;[m 3111 [main] org.sakaiproject.util.impl.FormattedTextImpl:157 FormattedText error handling: return; log errors=false; return to tool=true; notify user=false; details to user=false
&amp#27;[32m[INFO]&amp#27;[m 3128 [main] org.owasp.validator.html.Policy:294 Attempting to load AntiSamy policy from an input stream.
&amp#27;[33m[WARN]&amp#27;[m 3172 [main] org.owasp.validator.html.Policy:56 The directive "noopenerAndNoreferrerAnchors" is not enabled by default. It is recommended to enable it to prevent reverse tabnabbing attacks.
&amp#27;[32m[INFO]&amp#27;[m 3207 [main] org.owasp.validator.html.Policy:294 Attempting to load AntiSamy policy from an input stream.
&amp#27;[33m[WARN]&amp#27;[m 3261 [main] org.owasp.validator.html.Policy:56 The directive "noopenerAndNoreferrerAnchors" is not enabled by default. It is recommended to enable it to prevent reverse tabnabbing attacks.
&amp#27;[32m[INFO]&amp#27;[m 3262 [main] org.sakaiproject.util.impl.FormattedTextImpl:198 AntiSamy INIT default security level (HIGH), policy files read: high=/home/alumno/Escritorio/Sakai-GPI2/sakai/kernel/kernel-impl/antisamy/high-security-policy.xml, low=/home/alumno/Escritorio/Sakai-GPI2/sakai/kernel/kernel-impl/antisamy/low-security-policy.xml
]]></system-out>
  </testcase>
  <testcase name="testKNL_579" classname="org.sakaiproject.util.impl.FormattedTextTest" time="0.1">
    <system-out><![CDATA[&amp#27;[32m[INFO]&amp#27;[m 3267 [main] org.sakaiproject.util.impl.FormattedTextImpl:157 FormattedText error handling: return; log errors=false; return to tool=true; notify user=false; details to user=false
&amp#27;[32m[INFO]&amp#27;[m 3288 [main] org.owasp.validator.html.Policy:294 Attempting to load AntiSamy policy from an input stream.
&amp#27;[33m[WARN]&amp#27;[m 3319 [main] org.owasp.validator.html.Policy:56 The directive "noopenerAndNoreferrerAnchors" is not enabled by default. It is recommended to enable it to prevent reverse tabnabbing attacks.
&amp#27;[32m[INFO]&amp#27;[m 3335 [main] org.owasp.validator.html.Policy:294 Attempting to load AntiSamy policy from an input stream.
&amp#27;[33m[WARN]&amp#27;[m 3362 [main] org.owasp.validator.html.Policy:56 The directive "noopenerAndNoreferrerAnchors" is not enabled by default. It is recommended to enable it to prevent reverse tabnabbing attacks.
&amp#27;[32m[INFO]&amp#27;[m 3362 [main] org.sakaiproject.util.impl.FormattedTextImpl:198 AntiSamy INIT default security level (HIGH), policy files read: high=/home/alumno/Escritorio/Sakai-GPI2/sakai/kernel/kernel-impl/antisamy/high-security-policy.xml, low=/home/alumno/Escritorio/Sakai-GPI2/sakai/kernel/kernel-impl/antisamy/low-security-policy.xml
]]></system-out>
  </testcase>
  <testcase name="testCanTakePortNumber" classname="org.sakaiproject.util.impl.FormattedTextTest" time="0.111">
    <system-out><![CDATA[&amp#27;[32m[INFO]&amp#27;[m 3367 [main] org.sakaiproject.util.impl.FormattedTextImpl:157 FormattedText error handling: return; log errors=false; return to tool=true; notify user=false; details to user=false
&amp#27;[32m[INFO]&amp#27;[m 3385 [main] org.owasp.validator.html.Policy:294 Attempting to load AntiSamy policy from an input stream.
&amp#27;[33m[WARN]&amp#27;[m 3411 [main] org.owasp.validator.html.Policy:56 The directive "noopenerAndNoreferrerAnchors" is not enabled by default. It is recommended to enable it to prevent reverse tabnabbing attacks.
&amp#27;[32m[INFO]&amp#27;[m 3427 [main] org.owasp.validator.html.Policy:294 Attempting to load AntiSamy policy from an input stream.
&amp#27;[33m[WARN]&amp#27;[m 3455 [main] org.owasp.validator.html.Policy:56 The directive "noopenerAndNoreferrerAnchors" is not enabled by default. It is recommended to enable it to prevent reverse tabnabbing attacks.
&amp#27;[32m[INFO]&amp#27;[m 3455 [main] org.sakaiproject.util.impl.FormattedTextImpl:198 AntiSamy INIT default security level (HIGH), policy files read: high=/home/alumno/Escritorio/Sakai-GPI2/sakai/kernel/kernel-impl/antisamy/high-security-policy.xml, low=/home/alumno/Escritorio/Sakai-GPI2/sakai/kernel/kernel-impl/antisamy/low-security-policy.xml
]]></system-out>
  </testcase>
  <testcase name="testProcessAnchor" classname="org.sakaiproject.util.impl.FormattedTextTest" time="0.094">
    <system-out><![CDATA[&amp#27;[32m[INFO]&amp#27;[m 3479 [main] org.sakaiproject.util.impl.FormattedTextImpl:157 FormattedText error handling: return; log errors=false; return to tool=true; notify user=false; details to user=false
&amp#27;[32m[INFO]&amp#27;[m 3492 [main] org.owasp.validator.html.Policy:294 Attempting to load AntiSamy policy from an input stream.
&amp#27;[33m[WARN]&amp#27;[m 3517 [main] org.owasp.validator.html.Policy:56 The directive "noopenerAndNoreferrerAnchors" is not enabled by default. It is recommended to enable it to prevent reverse tabnabbing attacks.
&amp#27;[32m[INFO]&amp#27;[m 3530 [main] org.owasp.validator.html.Policy:294 Attempting to load AntiSamy policy from an input stream.
&amp#27;[33m[WARN]&amp#27;[m 3570 [main] org.owasp.validator.html.Policy:56 The directive "noopenerAndNoreferrerAnchors" is not enabled by default. It is recommended to enable it to prevent reverse tabnabbing attacks.
&amp#27;[32m[INFO]&amp#27;[m 3570 [main] org.sakaiproject.util.impl.FormattedTextImpl:198 AntiSamy INIT default security level (HIGH), policy files read: high=/home/alumno/Escritorio/Sakai-GPI2/sakai/kernel/kernel-impl/antisamy/high-security-policy.xml, low=/home/alumno/Escritorio/Sakai-GPI2/sakai/kernel/kernel-impl/antisamy/low-security-policy.xml
]]></system-out>
  </testcase>
  <testcase name="testCanIgnoreTrailingExclamation" classname="org.sakaiproject.util.impl.FormattedTextTest" time="0.103">
    <system-out><![CDATA[&amp#27;[32m[INFO]&amp#27;[m 3573 [main] org.sakaiproject.util.impl.FormattedTextImpl:157 FormattedText error handling: return; log errors=false; return to tool=true; notify user=false; details to user=false
&amp#27;[32m[INFO]&amp#27;[m 3585 [main] org.owasp.validator.html.Policy:294 Attempting to load AntiSamy policy from an input stream.
&amp#27;[33m[WARN]&amp#27;[m 3610 [main] org.owasp.validator.html.Policy:56 The directive "noopenerAndNoreferrerAnchors" is not enabled by default. It is recommended to enable it to prevent reverse tabnabbing attacks.
&amp#27;[32m[INFO]&amp#27;[m 3624 [main] org.owasp.validator.html.Policy:294 Attempting to load AntiSamy policy from an input stream.
&amp#27;[33m[WARN]&amp#27;[m 3672 [main] org.owasp.validator.html.Policy:56 The directive "noopenerAndNoreferrerAnchors" is not enabled by default. It is recommended to enable it to prevent reverse tabnabbing attacks.
&amp#27;[32m[INFO]&amp#27;[m 3673 [main] org.sakaiproject.util.impl.FormattedTextImpl:198 AntiSamy INIT default security level (HIGH), policy files read: high=/home/alumno/Escritorio/Sakai-GPI2/sakai/kernel/kernel-impl/antisamy/high-security-policy.xml, low=/home/alumno/Escritorio/Sakai-GPI2/sakai/kernel/kernel-impl/antisamy/low-security-policy.xml
]]></system-out>
  </testcase>
  <testcase name="testEscapeHrefUrl" classname="org.sakaiproject.util.impl.FormattedTextTest" time="0.095">
    <system-out><![CDATA[&amp#27;[32m[INFO]&amp#27;[m 3674 [main] org.sakaiproject.util.impl.FormattedTextImpl:157 FormattedText error handling: return; log errors=false; return to tool=true; notify user=false; details to user=false
&amp#27;[32m[INFO]&amp#27;[m 3688 [main] org.owasp.validator.html.Policy:294 Attempting to load AntiSamy policy from an input stream.
&amp#27;[33m[WARN]&amp#27;[m 3718 [main] org.owasp.validator.html.Policy:56 The directive "noopenerAndNoreferrerAnchors" is not enabled by default. It is recommended to enable it to prevent reverse tabnabbing attacks.
&amp#27;[32m[INFO]&amp#27;[m 3733 [main] org.owasp.validator.html.Policy:294 Attempting to load AntiSamy policy from an input stream.
&amp#27;[33m[WARN]&amp#27;[m 3764 [main] org.owasp.validator.html.Policy:56 The directive "noopenerAndNoreferrerAnchors" is not enabled by default. It is recommended to enable it to prevent reverse tabnabbing attacks.
&amp#27;[32m[INFO]&amp#27;[m 3765 [main] org.sakaiproject.util.impl.FormattedTextImpl:198 AntiSamy INIT default security level (HIGH), policy files read: high=/home/alumno/Escritorio/Sakai-GPI2/sakai/kernel/kernel-impl/antisamy/high-security-policy.xml, low=/home/alumno/Escritorio/Sakai-GPI2/sakai/kernel/kernel-impl/antisamy/low-security-policy.xml
&amp#27;[32m[INFO]&amp#27;[m 3767 [main] org.sakaiproject.util.impl.FormattedTextImpl:1341 Failure during encode of href url: java.net.URISyntaxException: Illegal character in hostname at index 17: http://www.abc.es');alert('yo');
&amp#27;[32m[INFO]&amp#27;[m 3767 [main] org.sakaiproject.util.impl.FormattedTextImpl:1344 Failure during encode of href url: java.net.MalformedURLException: no protocol: www.abc.es
&amp#27;[32m[INFO]&amp#27;[m 3767 [main] org.sakaiproject.util.impl.FormattedTextImpl:1344 Failure during encode of href url: java.net.MalformedURLException: no protocol: wwwwwwwwww
]]></system-out>
  </testcase>
  <testcase name="testEmoji" classname="org.sakaiproject.util.impl.FormattedTextTest" time="0.507">
    <system-out><![CDATA[&amp#27;[32m[INFO]&amp#27;[m 3768 [main] org.sakaiproject.util.impl.FormattedTextImpl:157 FormattedText error handling: return; log errors=false; return to tool=true; notify user=false; details to user=false
&amp#27;[32m[INFO]&amp#27;[m 3782 [main] org.owasp.validator.html.Policy:294 Attempting to load AntiSamy policy from an input stream.
&amp#27;[33m[WARN]&amp#27;[m 3809 [main] org.owasp.validator.html.Policy:56 The directive "noopenerAndNoreferrerAnchors" is not enabled by default. It is recommended to enable it to prevent reverse tabnabbing attacks.
&amp#27;[32m[INFO]&amp#27;[m 3822 [main] org.owasp.validator.html.Policy:294 Attempting to load AntiSamy policy from an input stream.
&amp#27;[33m[WARN]&amp#27;[m 3850 [main] org.owasp.validator.html.Policy:56 The directive "noopenerAndNoreferrerAnchors" is not enabled by default. It is recommended to enable it to prevent reverse tabnabbing attacks.
&amp#27;[32m[INFO]&amp#27;[m 3851 [main] org.sakaiproject.util.impl.FormattedTextImpl:198 AntiSamy INIT default security level (HIGH), policy files read: high=/home/alumno/Escritorio/Sakai-GPI2/sakai/kernel/kernel-impl/antisamy/high-security-policy.xml, low=/home/alumno/Escritorio/Sakai-GPI2/sakai/kernel/kernel-impl/antisamy/low-security-policy.xml
&amp#27;[32m[INFO]&amp#27;[m 3851 [main] org.sakaiproject.util.impl.FormattedTextImpl:157 FormattedText error handling: return; log errors=false; return to tool=true; notify user=false; details to user=false
&amp#27;[32m[INFO]&amp#27;[m 3868 [main] org.owasp.validator.html.Policy:294 Attempting to load AntiSamy policy from an input stream.
&amp#27;[33m[WARN]&amp#27;[m 3895 [main] org.owasp.validator.html.Policy:56 The directive "noopenerAndNoreferrerAnchors" is not enabled by default. It is recommended to enable it to prevent reverse tabnabbing attacks.
&amp#27;[32m[INFO]&amp#27;[m 3908 [main] org.owasp.validator.html.Policy:294 Attempting to load AntiSamy policy from an input stream.
&amp#27;[33m[WARN]&amp#27;[m 3936 [main] org.owasp.validator.html.Policy:56 The directive "noopenerAndNoreferrerAnchors" is not enabled by default. It is recommended to enable it to prevent reverse tabnabbing attacks.
&amp#27;[32m[INFO]&amp#27;[m 3936 [main] org.sakaiproject.util.impl.FormattedTextImpl:198 AntiSamy INIT default security level (HIGH), policy files read: high=/home/alumno/Escritorio/Sakai-GPI2/sakai/kernel/kernel-impl/antisamy/high-security-policy.xml, low=/home/alumno/Escritorio/Sakai-GPI2/sakai/kernel/kernel-impl/antisamy/low-security-policy.xml
&amp#27;[32m[INFO]&amp#27;[m 4064 [main] org.sakaiproject.util.impl.FormattedTextImpl:157 FormattedText error handling: return; log errors=false; return to tool=true; notify user=false; details to user=false
&amp#27;[32m[INFO]&amp#27;[m 4080 [main] org.owasp.validator.html.Policy:294 Attempting to load AntiSamy policy from an input stream.
&amp#27;[33m[WARN]&amp#27;[m 4110 [main] org.owasp.validator.html.Policy:56 The directive "noopenerAndNoreferrerAnchors" is not enabled by default. It is recommended to enable it to prevent reverse tabnabbing attacks.
&amp#27;[32m[INFO]&amp#27;[m 4124 [main] org.owasp.validator.html.Policy:294 Attempting to load AntiSamy policy from an input stream.
&amp#27;[33m[WARN]&amp#27;[m 4153 [main] org.owasp.validator.html.Policy:56 The directive "noopenerAndNoreferrerAnchors" is not enabled by default. It is recommended to enable it to prevent reverse tabnabbing attacks.
&amp#27;[32m[INFO]&amp#27;[m 4153 [main] org.sakaiproject.util.impl.FormattedTextImpl:198 AntiSamy INIT default security level (HIGH), policy files read: high=/home/alumno/Escritorio/Sakai-GPI2/sakai/kernel/kernel-impl/antisamy/high-security-policy.xml, low=/home/alumno/Escritorio/Sakai-GPI2/sakai/kernel/kernel-impl/antisamy/low-security-policy.xml
&amp#27;[32m[INFO]&amp#27;[m 4154 [main] org.sakaiproject.util.impl.FormattedTextImpl:157 FormattedText error handling: return; log errors=false; return to tool=true; notify user=false; details to user=false
&amp#27;[32m[INFO]&amp#27;[m 4168 [main] org.owasp.validator.html.Policy:294 Attempting to load AntiSamy policy from an input stream.
&amp#27;[33m[WARN]&amp#27;[m 4200 [main] org.owasp.validator.html.Policy:56 The directive "noopenerAndNoreferrerAnchors" is not enabled by default. It is recommended to enable it to prevent reverse tabnabbing attacks.
&amp#27;[32m[INFO]&amp#27;[m 4218 [main] org.owasp.validator.html.Policy:294 Attempting to load AntiSamy policy from an input stream.
&amp#27;[33m[WARN]&amp#27;[m 4275 [main] org.owasp.validator.html.Policy:56 The directive "noopenerAndNoreferrerAnchors" is not enabled by default. It is recommended to enable it to prevent reverse tabnabbing attacks.
&amp#27;[32m[INFO]&amp#27;[m 4275 [main] org.sakaiproject.util.impl.FormattedTextImpl:198 AntiSamy INIT default security level (HIGH), policy files read: high=/home/alumno/Escritorio/Sakai-GPI2/sakai/kernel/kernel-impl/antisamy/high-security-policy.xml, low=/home/alumno/Escritorio/Sakai-GPI2/sakai/kernel/kernel-impl/antisamy/low-security-policy.xml
]]></system-out>
  </testcase>
  <testcase name="testCanTakePortNumberAndQueryString" classname="org.sakaiproject.util.impl.FormattedTextTest" time="0.091">
    <system-out><![CDATA[&amp#27;[32m[INFO]&amp#27;[m 4277 [main] org.sakaiproject.util.impl.FormattedTextImpl:157 FormattedText error handling: return; log errors=false; return to tool=true; notify user=false; details to user=false
&amp#27;[32m[INFO]&amp#27;[m 4290 [main] org.owasp.validator.html.Policy:294 Attempting to load AntiSamy policy from an input stream.
&amp#27;[33m[WARN]&amp#27;[m 4314 [main] org.owasp.validator.html.Policy:56 The directive "noopenerAndNoreferrerAnchors" is not enabled by default. It is recommended to enable it to prevent reverse tabnabbing attacks.
&amp#27;[32m[INFO]&amp#27;[m 4329 [main] org.owasp.validator.html.Policy:294 Attempting to load AntiSamy policy from an input stream.
&amp#27;[33m[WARN]&amp#27;[m 4362 [main] org.owasp.validator.html.Policy:56 The directive "noopenerAndNoreferrerAnchors" is not enabled by default. It is recommended to enable it to prevent reverse tabnabbing attacks.
&amp#27;[32m[INFO]&amp#27;[m 4362 [main] org.sakaiproject.util.impl.FormattedTextImpl:198 AntiSamy INIT default security level (HIGH), policy files read: high=/home/alumno/Escritorio/Sakai-GPI2/sakai/kernel/kernel-impl/antisamy/high-security-policy.xml, low=/home/alumno/Escritorio/Sakai-GPI2/sakai/kernel/kernel-impl/antisamy/low-security-policy.xml
]]></system-out>
  </testcase>
  <testcase name="testLocalIframeSrc" classname="org.sakaiproject.util.impl.FormattedTextTest" time="0.077">
    <system-out><![CDATA[&amp#27;[32m[INFO]&amp#27;[m 4366 [main] org.sakaiproject.util.impl.FormattedTextImpl:157 FormattedText error handling: return; log errors=false; return to tool=true; notify user=false; details to user=false
&amp#27;[32m[INFO]&amp#27;[m 4378 [main] org.owasp.validator.html.Policy:294 Attempting to load AntiSamy policy from an input stream.
&amp#27;[33m[WARN]&amp#27;[m 4396 [main] org.owasp.validator.html.Policy:56 The directive "noopenerAndNoreferrerAnchors" is not enabled by default. It is recommended to enable it to prevent reverse tabnabbing attacks.
&amp#27;[32m[INFO]&amp#27;[m 4407 [main] org.owasp.validator.html.Policy:294 Attempting to load AntiSamy policy from an input stream.
&amp#27;[33m[WARN]&amp#27;[m 4439 [main] org.owasp.validator.html.Policy:56 The directive "noopenerAndNoreferrerAnchors" is not enabled by default. It is recommended to enable it to prevent reverse tabnabbing attacks.
&amp#27;[32m[INFO]&amp#27;[m 4439 [main] org.sakaiproject.util.impl.FormattedTextImpl:198 AntiSamy INIT default security level (HIGH), policy files read: high=/home/alumno/Escritorio/Sakai-GPI2/sakai/kernel/kernel-impl/antisamy/high-security-policy.xml, low=/home/alumno/Escritorio/Sakai-GPI2/sakai/kernel/kernel-impl/antisamy/low-security-policy.xml
]]></system-out>
  </testcase>
  <testcase name="testDataAttributes" classname="org.sakaiproject.util.impl.FormattedTextTest" time="0.066">
    <system-out><![CDATA[&amp#27;[32m[INFO]&amp#27;[m 4443 [main] org.sakaiproject.util.impl.FormattedTextImpl:157 FormattedText error handling: return; log errors=false; return to tool=true; notify user=false; details to user=false
&amp#27;[32m[INFO]&amp#27;[m 4453 [main] org.owasp.validator.html.Policy:294 Attempting to load AntiSamy policy from an input stream.
&amp#27;[33m[WARN]&amp#27;[m 4471 [main] org.owasp.validator.html.Policy:56 The directive "noopenerAndNoreferrerAnchors" is not enabled by default. It is recommended to enable it to prevent reverse tabnabbing attacks.
&amp#27;[32m[INFO]&amp#27;[m 4481 [main] org.owasp.validator.html.Policy:294 Attempting to load AntiSamy policy from an input stream.
&amp#27;[33m[WARN]&amp#27;[m 4500 [main] org.owasp.validator.html.Policy:56 The directive "noopenerAndNoreferrerAnchors" is not enabled by default. It is recommended to enable it to prevent reverse tabnabbing attacks.
&amp#27;[32m[INFO]&amp#27;[m 4500 [main] org.sakaiproject.util.impl.FormattedTextImpl:198 AntiSamy INIT default security level (HIGH), policy files read: high=/home/alumno/Escritorio/Sakai-GPI2/sakai/kernel/kernel-impl/antisamy/high-security-policy.xml, low=/home/alumno/Escritorio/Sakai-GPI2/sakai/kernel/kernel-impl/antisamy/low-security-policy.xml
]]></system-out>
  </testcase>
  <testcase name="testFourByteEmojiEscaping" classname="org.sakaiproject.util.impl.FormattedTextTest" time="0.063">
    <system-out><![CDATA[&amp#27;[32m[INFO]&amp#27;[m 4512 [main] org.sakaiproject.util.impl.FormattedTextImpl:157 FormattedText error handling: return; log errors=false; return to tool=true; notify user=false; details to user=false
&amp#27;[32m[INFO]&amp#27;[m 4521 [main] org.owasp.validator.html.Policy:294 Attempting to load AntiSamy policy from an input stream.
&amp#27;[33m[WARN]&amp#27;[m 4543 [main] org.owasp.validator.html.Policy:56 The directive "noopenerAndNoreferrerAnchors" is not enabled by default. It is recommended to enable it to prevent reverse tabnabbing attacks.
&amp#27;[32m[INFO]&amp#27;[m 4552 [main] org.owasp.validator.html.Policy:294 Attempting to load AntiSamy policy from an input stream.
&amp#27;[33m[WARN]&amp#27;[m 4573 [main] org.owasp.validator.html.Policy:56 The directive "noopenerAndNoreferrerAnchors" is not enabled by default. It is recommended to enable it to prevent reverse tabnabbing attacks.
&amp#27;[32m[INFO]&amp#27;[m 4573 [main] org.sakaiproject.util.impl.FormattedTextImpl:198 AntiSamy INIT default security level (HIGH), policy files read: high=/home/alumno/Escritorio/Sakai-GPI2/sakai/kernel/kernel-impl/antisamy/high-security-policy.xml, low=/home/alumno/Escritorio/Sakai-GPI2/sakai/kernel/kernel-impl/antisamy/low-security-policy.xml
]]></system-out>
  </testcase>
  <testcase name="testStripHtmlFromText" classname="org.sakaiproject.util.impl.FormattedTextTest" time="0.131">
    <system-out><![CDATA[&amp#27;[32m[INFO]&amp#27;[m 4576 [main] org.sakaiproject.util.impl.FormattedTextImpl:157 FormattedText error handling: return; log errors=false; return to tool=true; notify user=false; details to user=false
&amp#27;[32m[INFO]&amp#27;[m 4584 [main] org.owasp.validator.html.Policy:294 Attempting to load AntiSamy policy from an input stream.
&amp#27;[33m[WARN]&amp#27;[m 4601 [main] org.owasp.validator.html.Policy:56 The directive "noopenerAndNoreferrerAnchors" is not enabled by default. It is recommended to enable it to prevent reverse tabnabbing attacks.
&amp#27;[32m[INFO]&amp#27;[m 4610 [main] org.owasp.validator.html.Policy:294 Attempting to load AntiSamy policy from an input stream.
&amp#27;[33m[WARN]&amp#27;[m 4626 [main] org.owasp.validator.html.Policy:56 The directive "noopenerAndNoreferrerAnchors" is not enabled by default. It is recommended to enable it to prevent reverse tabnabbing attacks.
&amp#27;[32m[INFO]&amp#27;[m 4626 [main] org.sakaiproject.util.impl.FormattedTextImpl:198 AntiSamy INIT default security level (HIGH), policy files read: high=/home/alumno/Escritorio/Sakai-GPI2/sakai/kernel/kernel-impl/antisamy/high-security-policy.xml, low=/home/alumno/Escritorio/Sakai-GPI2/sakai/kernel/kernel-impl/antisamy/low-security-policy.xml
]]></system-out>
  </testcase>
  <testcase name="testBasicUrlMatch" classname="org.sakaiproject.util.impl.FormattedTextTest" time="0.075">
    <system-out><![CDATA[&amp#27;[32m[INFO]&amp#27;[m 4707 [main] org.sakaiproject.util.impl.FormattedTextImpl:157 FormattedText error handling: return; log errors=false; return to tool=true; notify user=false; details to user=false
&amp#27;[32m[INFO]&amp#27;[m 4718 [main] org.owasp.validator.html.Policy:294 Attempting to load AntiSamy policy from an input stream.
&amp#27;[33m[WARN]&amp#27;[m 4741 [main] org.owasp.validator.html.Policy:56 The directive "noopenerAndNoreferrerAnchors" is not enabled by default. It is recommended to enable it to prevent reverse tabnabbing attacks.
&amp#27;[32m[INFO]&amp#27;[m 4754 [main] org.owasp.validator.html.Policy:294 Attempting to load AntiSamy policy from an input stream.
&amp#27;[33m[WARN]&amp#27;[m 4777 [main] org.owasp.validator.html.Policy:56 The directive "noopenerAndNoreferrerAnchors" is not enabled by default. It is recommended to enable it to prevent reverse tabnabbing attacks.
&amp#27;[32m[INFO]&amp#27;[m 4778 [main] org.sakaiproject.util.impl.FormattedTextImpl:198 AntiSamy INIT default security level (HIGH), policy files read: high=/home/alumno/Escritorio/Sakai-GPI2/sakai/kernel/kernel-impl/antisamy/high-security-policy.xml, low=/home/alumno/Escritorio/Sakai-GPI2/sakai/kernel/kernel-impl/antisamy/low-security-policy.xml
]]></system-out>
  </testcase>
  <testcase name="testH5PEmbed" classname="org.sakaiproject.util.impl.FormattedTextTest" time="0.083">
    <system-out><![CDATA[&amp#27;[32m[INFO]&amp#27;[m 4780 [main] org.sakaiproject.util.impl.FormattedTextImpl:157 FormattedText error handling: return; log errors=false; return to tool=true; notify user=false; details to user=false
&amp#27;[32m[INFO]&amp#27;[m 4793 [main] org.owasp.validator.html.Policy:294 Attempting to load AntiSamy policy from an input stream.
&amp#27;[33m[WARN]&amp#27;[m 4819 [main] org.owasp.validator.html.Policy:56 The directive "noopenerAndNoreferrerAnchors" is not enabled by default. It is recommended to enable it to prevent reverse tabnabbing attacks.
&amp#27;[32m[INFO]&amp#27;[m 4833 [main] org.owasp.validator.html.Policy:294 Attempting to load AntiSamy policy from an input stream.
&amp#27;[33m[WARN]&amp#27;[m 4857 [main] org.owasp.validator.html.Policy:56 The directive "noopenerAndNoreferrerAnchors" is not enabled by default. It is recommended to enable it to prevent reverse tabnabbing attacks.
&amp#27;[32m[INFO]&amp#27;[m 4858 [main] org.sakaiproject.util.impl.FormattedTextImpl:198 AntiSamy INIT default security level (HIGH), policy files read: high=/home/alumno/Escritorio/Sakai-GPI2/sakai/kernel/kernel-impl/antisamy/high-security-policy.xml, low=/home/alumno/Escritorio/Sakai-GPI2/sakai/kernel/kernel-impl/antisamy/low-security-policy.xml
]]></system-out>
  </testcase>
  <testcase name="testEscapedHtmlBeingStripped" classname="org.sakaiproject.util.impl.FormattedTextTest" time="0.085">
    <system-out><![CDATA[&amp#27;[32m[INFO]&amp#27;[m 4867 [main] org.sakaiproject.util.impl.FormattedTextImpl:157 FormattedText error handling: return; log errors=false; return to tool=true; notify user=false; details to user=false
&amp#27;[32m[INFO]&amp#27;[m 4881 [main] org.owasp.validator.html.Policy:294 Attempting to load AntiSamy policy from an input stream.
&amp#27;[33m[WARN]&amp#27;[m 4907 [main] org.owasp.validator.html.Policy:56 The directive "noopenerAndNoreferrerAnchors" is not enabled by default. It is recommended to enable it to prevent reverse tabnabbing attacks.
&amp#27;[32m[INFO]&amp#27;[m 4920 [main] org.owasp.validator.html.Policy:294 Attempting to load AntiSamy policy from an input stream.
&amp#27;[33m[WARN]&amp#27;[m 4946 [main] org.owasp.validator.html.Policy:56 The directive "noopenerAndNoreferrerAnchors" is not enabled by default. It is recommended to enable it to prevent reverse tabnabbing attacks.
&amp#27;[32m[INFO]&amp#27;[m 4946 [main] org.sakaiproject.util.impl.FormattedTextImpl:198 AntiSamy INIT default security level (HIGH), policy files read: high=/home/alumno/Escritorio/Sakai-GPI2/sakai/kernel/kernel-impl/antisamy/high-security-policy.xml, low=/home/alumno/Escritorio/Sakai-GPI2/sakai/kernel/kernel-impl/antisamy/low-security-policy.xml
]]></system-out>
  </testcase>
  <testcase name="testCanIgnoreTrailingQuestion" classname="org.sakaiproject.util.impl.FormattedTextTest" time="0.096">
    <system-out><![CDATA[&amp#27;[32m[INFO]&amp#27;[m 4953 [main] org.sakaiproject.util.impl.FormattedTextImpl:157 FormattedText error handling: return; log errors=false; return to tool=true; notify user=false; details to user=false
&amp#27;[32m[INFO]&amp#27;[m 4966 [main] org.owasp.validator.html.Policy:294 Attempting to load AntiSamy policy from an input stream.
&amp#27;[33m[WARN]&amp#27;[m 5000 [main] org.owasp.validator.html.Policy:56 The directive "noopenerAndNoreferrerAnchors" is not enabled by default. It is recommended to enable it to prevent reverse tabnabbing attacks.
&amp#27;[32m[INFO]&amp#27;[m 5017 [main] org.owasp.validator.html.Policy:294 Attempting to load AntiSamy policy from an input stream.
&amp#27;[33m[WARN]&amp#27;[m 5042 [main] org.owasp.validator.html.Policy:56 The directive "noopenerAndNoreferrerAnchors" is not enabled by default. It is recommended to enable it to prevent reverse tabnabbing attacks.
&amp#27;[32m[INFO]&amp#27;[m 5043 [main] org.sakaiproject.util.impl.FormattedTextImpl:198 AntiSamy INIT default security level (HIGH), policy files read: high=/home/alumno/Escritorio/Sakai-GPI2/sakai/kernel/kernel-impl/antisamy/high-security-policy.xml, low=/home/alumno/Escritorio/Sakai-GPI2/sakai/kernel/kernel-impl/antisamy/low-security-policy.xml
]]></system-out>
  </testcase>
  <testcase name="testHrefWithPlus" classname="org.sakaiproject.util.impl.FormattedTextTest" time="0.079">
    <system-out><![CDATA[&amp#27;[32m[INFO]&amp#27;[m 5049 [main] org.sakaiproject.util.impl.FormattedTextImpl:157 FormattedText error handling: return; log errors=false; return to tool=true; notify user=false; details to user=false
&amp#27;[32m[INFO]&amp#27;[m 5059 [main] org.owasp.validator.html.Policy:294 Attempting to load AntiSamy policy from an input stream.
&amp#27;[33m[WARN]&amp#27;[m 5084 [main] org.owasp.validator.html.Policy:56 The directive "noopenerAndNoreferrerAnchors" is not enabled by default. It is recommended to enable it to prevent reverse tabnabbing attacks.
&amp#27;[32m[INFO]&amp#27;[m 5096 [main] org.owasp.validator.html.Policy:294 Attempting to load AntiSamy policy from an input stream.
&amp#27;[33m[WARN]&amp#27;[m 5119 [main] org.owasp.validator.html.Policy:56 The directive "noopenerAndNoreferrerAnchors" is not enabled by default. It is recommended to enable it to prevent reverse tabnabbing attacks.
&amp#27;[32m[INFO]&amp#27;[m 5119 [main] org.sakaiproject.util.impl.FormattedTextImpl:198 AntiSamy INIT default security level (HIGH), policy files read: high=/home/alumno/Escritorio/Sakai-GPI2/sakai/kernel/kernel-impl/antisamy/high-security-policy.xml, low=/home/alumno/Escritorio/Sakai-GPI2/sakai/kernel/kernel-impl/antisamy/low-security-policy.xml
]]></system-out>
  </testcase>
  <testcase name="getHtmlBodyTest" classname="org.sakaiproject.util.impl.FormattedTextTest" time="0.077">
    <system-out><![CDATA[&amp#27;[32m[INFO]&amp#27;[m 5125 [main] org.sakaiproject.util.impl.FormattedTextImpl:157 FormattedText error handling: return; log errors=false; return to tool=true; notify user=false; details to user=false
&amp#27;[32m[INFO]&amp#27;[m 5139 [main] org.owasp.validator.html.Policy:294 Attempting to load AntiSamy policy from an input stream.
&amp#27;[33m[WARN]&amp#27;[m 5163 [main] org.owasp.validator.html.Policy:56 The directive "noopenerAndNoreferrerAnchors" is not enabled by default. It is recommended to enable it to prevent reverse tabnabbing attacks.
&amp#27;[32m[INFO]&amp#27;[m 5175 [main] org.owasp.validator.html.Policy:294 Attempting to load AntiSamy policy from an input stream.
&amp#27;[33m[WARN]&amp#27;[m 5199 [main] org.owasp.validator.html.Policy:56 The directive "noopenerAndNoreferrerAnchors" is not enabled by default. It is recommended to enable it to prevent reverse tabnabbing attacks.
&amp#27;[32m[INFO]&amp#27;[m 5199 [main] org.sakaiproject.util.impl.FormattedTextImpl:198 AntiSamy INIT default security level (HIGH), policy files read: high=/home/alumno/Escritorio/Sakai-GPI2/sakai/kernel/kernel-impl/antisamy/high-security-policy.xml, low=/home/alumno/Escritorio/Sakai-GPI2/sakai/kernel/kernel-impl/antisamy/low-security-policy.xml
]]></system-out>
  </testcase>
  <testcase name="testSVGWithEmbeddedJavascript" classname="org.sakaiproject.util.impl.FormattedTextTest" time="0.107">
    <system-out><![CDATA[&amp#27;[32m[INFO]&amp#27;[m 5203 [main] org.sakaiproject.util.impl.FormattedTextImpl:157 FormattedText error handling: return; log errors=false; return to tool=true; notify user=false; details to user=false
&amp#27;[32m[INFO]&amp#27;[m 5216 [main] org.owasp.validator.html.Policy:294 Attempting to load AntiSamy policy from an input stream.
&amp#27;[33m[WARN]&amp#27;[m 5249 [main] org.owasp.validator.html.Policy:56 The directive "noopenerAndNoreferrerAnchors" is not enabled by default. It is recommended to enable it to prevent reverse tabnabbing attacks.
&amp#27;[32m[INFO]&amp#27;[m 5278 [main] org.owasp.validator.html.Policy:294 Attempting to load AntiSamy policy from an input stream.
&amp#27;[33m[WARN]&amp#27;[m 5303 [main] org.owasp.validator.html.Policy:56 The directive "noopenerAndNoreferrerAnchors" is not enabled by default. It is recommended to enable it to prevent reverse tabnabbing attacks.
&amp#27;[32m[INFO]&amp#27;[m 5308 [main] org.sakaiproject.util.impl.FormattedTextImpl:198 AntiSamy INIT default security level (HIGH), policy files read: high=/home/alumno/Escritorio/Sakai-GPI2/sakai/kernel/kernel-impl/antisamy/high-security-policy.xml, low=/home/alumno/Escritorio/Sakai-GPI2/sakai/kernel/kernel-impl/antisamy/low-security-policy.xml
]]></system-out>
  </testcase>
  <testcase name="testProcessAnchorName" classname="org.sakaiproject.util.impl.FormattedTextTest" time="0.079">
    <system-out><![CDATA[&amp#27;[32m[INFO]&amp#27;[m 5310 [main] org.sakaiproject.util.impl.FormattedTextImpl:157 FormattedText error handling: return; log errors=false; return to tool=true; notify user=false; details to user=false
&amp#27;[32m[INFO]&amp#27;[m 5323 [main] org.owasp.validator.html.Policy:294 Attempting to load AntiSamy policy from an input stream.
&amp#27;[33m[WARN]&amp#27;[m 5358 [main] org.owasp.validator.html.Policy:56 The directive "noopenerAndNoreferrerAnchors" is not enabled by default. It is recommended to enable it to prevent reverse tabnabbing attacks.
&amp#27;[32m[INFO]&amp#27;[m 5367 [main] org.owasp.validator.html.Policy:294 Attempting to load AntiSamy policy from an input stream.
&amp#27;[33m[WARN]&amp#27;[m 5388 [main] org.owasp.validator.html.Policy:56 The directive "noopenerAndNoreferrerAnchors" is not enabled by default. It is recommended to enable it to prevent reverse tabnabbing attacks.
&amp#27;[32m[INFO]&amp#27;[m 5388 [main] org.sakaiproject.util.impl.FormattedTextImpl:198 AntiSamy INIT default security level (HIGH), policy files read: high=/home/alumno/Escritorio/Sakai-GPI2/sakai/kernel/kernel-impl/antisamy/high-security-policy.xml, low=/home/alumno/Escritorio/Sakai-GPI2/sakai/kernel/kernel-impl/antisamy/low-security-policy.xml
]]></system-out>
  </testcase>
  <testcase name="testCanDoSsl" classname="org.sakaiproject.util.impl.FormattedTextTest" time="0.066">
    <system-out><![CDATA[&amp#27;[32m[INFO]&amp#27;[m 5389 [main] org.sakaiproject.util.impl.FormattedTextImpl:157 FormattedText error handling: return; log errors=false; return to tool=true; notify user=false; details to user=false
&amp#27;[32m[INFO]&amp#27;[m 5399 [main] org.owasp.validator.html.Policy:294 Attempting to load AntiSamy policy from an input stream.
&amp#27;[33m[WARN]&amp#27;[m 5421 [main] org.owasp.validator.html.Policy:56 The directive "noopenerAndNoreferrerAnchors" is not enabled by default. It is recommended to enable it to prevent reverse tabnabbing attacks.
&amp#27;[32m[INFO]&amp#27;[m 5431 [main] org.owasp.validator.html.Policy:294 Attempting to load AntiSamy policy from an input stream.
&amp#27;[33m[WARN]&amp#27;[m 5452 [main] org.owasp.validator.html.Policy:56 The directive "noopenerAndNoreferrerAnchors" is not enabled by default. It is recommended to enable it to prevent reverse tabnabbing attacks.
&amp#27;[32m[INFO]&amp#27;[m 5452 [main] org.sakaiproject.util.impl.FormattedTextImpl:198 AntiSamy INIT default security level (HIGH), policy files read: high=/home/alumno/Escritorio/Sakai-GPI2/sakai/kernel/kernel-impl/antisamy/high-security-policy.xml, low=/home/alumno/Escritorio/Sakai-GPI2/sakai/kernel/kernel-impl/antisamy/low-security-policy.xml
]]></system-out>
  </testcase>
  <testcase name="testRegexTargetMatch" classname="org.sakaiproject.util.impl.FormattedTextTest" time="0.063">
    <system-out><![CDATA[&amp#27;[32m[INFO]&amp#27;[m 5453 [main] org.sakaiproject.util.impl.FormattedTextImpl:157 FormattedText error handling: return; log errors=false; return to tool=true; notify user=false; details to user=false
&amp#27;[32m[INFO]&amp#27;[m 5462 [main] org.owasp.validator.html.Policy:294 Attempting to load AntiSamy policy from an input stream.
&amp#27;[33m[WARN]&amp#27;[m 5484 [main] org.owasp.validator.html.Policy:56 The directive "noopenerAndNoreferrerAnchors" is not enabled by default. It is recommended to enable it to prevent reverse tabnabbing attacks.
&amp#27;[32m[INFO]&amp#27;[m 5494 [main] org.owasp.validator.html.Policy:294 Attempting to load AntiSamy policy from an input stream.
&amp#27;[33m[WARN]&amp#27;[m 5515 [main] org.owasp.validator.html.Policy:56 The directive "noopenerAndNoreferrerAnchors" is not enabled by default. It is recommended to enable it to prevent reverse tabnabbing attacks.
&amp#27;[32m[INFO]&amp#27;[m 5515 [main] org.sakaiproject.util.impl.FormattedTextImpl:198 AntiSamy INIT default security level (HIGH), policy files read: high=/home/alumno/Escritorio/Sakai-GPI2/sakai/kernel/kernel-impl/antisamy/high-security-policy.xml, low=/home/alumno/Escritorio/Sakai-GPI2/sakai/kernel/kernel-impl/antisamy/low-security-policy.xml
]]></system-out>
  </testcase>
  <testcase name="testProcessAnchorMailto" classname="org.sakaiproject.util.impl.FormattedTextTest" time="0.107">
    <system-out><![CDATA[&amp#27;[32m[INFO]&amp#27;[m 5517 [main] org.sakaiproject.util.impl.FormattedTextImpl:157 FormattedText error handling: return; log errors=false; return to tool=true; notify user=false; details to user=false
&amp#27;[32m[INFO]&amp#27;[m 5539 [main] org.owasp.validator.html.Policy:294 Attempting to load AntiSamy policy from an input stream.
&amp#27;[33m[WARN]&amp#27;[m 5566 [main] org.owasp.validator.html.Policy:56 The directive "noopenerAndNoreferrerAnchors" is not enabled by default. It is recommended to enable it to prevent reverse tabnabbing attacks.
&amp#27;[32m[INFO]&amp#27;[m 5580 [main] org.owasp.validator.html.Policy:294 Attempting to load AntiSamy policy from an input stream.
&amp#27;[33m[WARN]&amp#27;[m 5610 [main] org.owasp.validator.html.Policy:56 The directive "noopenerAndNoreferrerAnchors" is not enabled by default. It is recommended to enable it to prevent reverse tabnabbing attacks.
&amp#27;[32m[INFO]&amp#27;[m 5621 [main] org.sakaiproject.util.impl.FormattedTextImpl:198 AntiSamy INIT default security level (HIGH), policy files read: high=/home/alumno/Escritorio/Sakai-GPI2/sakai/kernel/kernel-impl/antisamy/high-security-policy.xml, low=/home/alumno/Escritorio/Sakai-GPI2/sakai/kernel/kernel-impl/antisamy/low-security-policy.xml
]]></system-out>
  </testcase>
  <testcase name="testKNL_1019" classname="org.sakaiproject.util.impl.FormattedTextTest" time="0.152">
    <system-out><![CDATA[&amp#27;[32m[INFO]&amp#27;[m 5622 [main] org.sakaiproject.util.impl.FormattedTextImpl:157 FormattedText error handling: return; log errors=false; return to tool=true; notify user=false; details to user=false
&amp#27;[32m[INFO]&amp#27;[m 5632 [main] org.owasp.validator.html.Policy:294 Attempting to load AntiSamy policy from an input stream.
&amp#27;[33m[WARN]&amp#27;[m 5652 [main] org.owasp.validator.html.Policy:56 The directive "noopenerAndNoreferrerAnchors" is not enabled by default. It is recommended to enable it to prevent reverse tabnabbing attacks.
&amp#27;[32m[INFO]&amp#27;[m 5661 [main] org.owasp.validator.html.Policy:294 Attempting to load AntiSamy policy from an input stream.
&amp#27;[33m[WARN]&amp#27;[m 5685 [main] org.owasp.validator.html.Policy:56 The directive "noopenerAndNoreferrerAnchors" is not enabled by default. It is recommended to enable it to prevent reverse tabnabbing attacks.
&amp#27;[32m[INFO]&amp#27;[m 5685 [main] org.sakaiproject.util.impl.FormattedTextImpl:198 AntiSamy INIT default security level (HIGH), policy files read: high=/home/alumno/Escritorio/Sakai-GPI2/sakai/kernel/kernel-impl/antisamy/high-security-policy.xml, low=/home/alumno/Escritorio/Sakai-GPI2/sakai/kernel/kernel-impl/antisamy/low-security-policy.xml
]]></system-out>
  </testcase>
  <testcase name="testKNL_1061" classname="org.sakaiproject.util.impl.FormattedTextTest" time="0.071">
    <system-out><![CDATA[&amp#27;[32m[INFO]&amp#27;[m 5774 [main] org.sakaiproject.util.impl.FormattedTextImpl:157 FormattedText error handling: return; log errors=false; return to tool=true; notify user=false; details to user=false
&amp#27;[32m[INFO]&amp#27;[m 5783 [main] org.owasp.validator.html.Policy:294 Attempting to load AntiSamy policy from an input stream.
&amp#27;[33m[WARN]&amp#27;[m 5809 [main] org.owasp.validator.html.Policy:56 The directive "noopenerAndNoreferrerAnchors" is not enabled by default. It is recommended to enable it to prevent reverse tabnabbing attacks.
&amp#27;[32m[INFO]&amp#27;[m 5821 [main] org.owasp.validator.html.Policy:294 Attempting to load AntiSamy policy from an input stream.
&amp#27;[33m[WARN]&amp#27;[m 5845 [main] org.owasp.validator.html.Policy:56 The directive "noopenerAndNoreferrerAnchors" is not enabled by default. It is recommended to enable it to prevent reverse tabnabbing attacks.
&amp#27;[32m[INFO]&amp#27;[m 5845 [main] org.sakaiproject.util.impl.FormattedTextImpl:198 AntiSamy INIT default security level (HIGH), policy files read: high=/home/alumno/Escritorio/Sakai-GPI2/sakai/kernel/kernel-impl/antisamy/high-security-policy.xml, low=/home/alumno/Escritorio/Sakai-GPI2/sakai/kernel/kernel-impl/antisamy/low-security-policy.xml
]]></system-out>
  </testcase>
  <testcase name="testKNL_1065" classname="org.sakaiproject.util.impl.FormattedTextTest" time="0.065">
    <system-out><![CDATA[&amp#27;[32m[INFO]&amp#27;[m 5847 [main] org.sakaiproject.util.impl.FormattedTextImpl:157 FormattedText error handling: return; log errors=false; return to tool=true; notify user=false; details to user=false
&amp#27;[32m[INFO]&amp#27;[m 5857 [main] org.owasp.validator.html.Policy:294 Attempting to load AntiSamy policy from an input stream.
&amp#27;[33m[WARN]&amp#27;[m 5877 [main] org.owasp.validator.html.Policy:56 The directive "noopenerAndNoreferrerAnchors" is not enabled by default. It is recommended to enable it to prevent reverse tabnabbing attacks.
&amp#27;[32m[INFO]&amp#27;[m 5887 [main] org.owasp.validator.html.Policy:294 Attempting to load AntiSamy policy from an input stream.
&amp#27;[33m[WARN]&amp#27;[m 5909 [main] org.owasp.validator.html.Policy:56 The directive "noopenerAndNoreferrerAnchors" is not enabled by default. It is recommended to enable it to prevent reverse tabnabbing attacks.
&amp#27;[32m[INFO]&amp#27;[m 5909 [main] org.sakaiproject.util.impl.FormattedTextImpl:198 AntiSamy INIT default security level (HIGH), policy files read: high=/home/alumno/Escritorio/Sakai-GPI2/sakai/kernel/kernel-impl/antisamy/high-security-policy.xml, low=/home/alumno/Escritorio/Sakai-GPI2/sakai/kernel/kernel-impl/antisamy/low-security-policy.xml
]]></system-out>
  </testcase>
  <testcase name="testKNL_1071" classname="org.sakaiproject.util.impl.FormattedTextTest" time="0.159">
    <system-out><![CDATA[&amp#27;[32m[INFO]&amp#27;[m 5912 [main] org.sakaiproject.util.impl.FormattedTextImpl:157 FormattedText error handling: return; log errors=false; return to tool=true; notify user=false; details to user=false
&amp#27;[32m[INFO]&amp#27;[m 5922 [main] org.owasp.validator.html.Policy:294 Attempting to load AntiSamy policy from an input stream.
&amp#27;[33m[WARN]&amp#27;[m 5947 [main] org.owasp.validator.html.Policy:56 The directive "noopenerAndNoreferrerAnchors" is not enabled by default. It is recommended to enable it to prevent reverse tabnabbing attacks.
&amp#27;[32m[INFO]&amp#27;[m 5957 [main] org.owasp.validator.html.Policy:294 Attempting to load AntiSamy policy from an input stream.
&amp#27;[33m[WARN]&amp#27;[m 5982 [main] org.owasp.validator.html.Policy:56 The directive "noopenerAndNoreferrerAnchors" is not enabled by default. It is recommended to enable it to prevent reverse tabnabbing attacks.
&amp#27;[32m[INFO]&amp#27;[m 5982 [main] org.sakaiproject.util.impl.FormattedTextImpl:198 AntiSamy INIT default security level (HIGH), policy files read: high=/home/alumno/Escritorio/Sakai-GPI2/sakai/kernel/kernel-impl/antisamy/high-security-policy.xml, low=/home/alumno/Escritorio/Sakai-GPI2/sakai/kernel/kernel-impl/antisamy/low-security-policy.xml
]]></system-out>
  </testcase>
  <testcase name="testKNL_1096" classname="org.sakaiproject.util.impl.FormattedTextTest" time="0.091">
    <system-out><![CDATA[&amp#27;[32m[INFO]&amp#27;[m 6081 [main] org.sakaiproject.util.impl.FormattedTextImpl:157 FormattedText error handling: return; log errors=false; return to tool=true; notify user=false; details to user=false
&amp#27;[32m[INFO]&amp#27;[m 6094 [main] org.owasp.validator.html.Policy:294 Attempting to load AntiSamy policy from an input stream.
&amp#27;[33m[WARN]&amp#27;[m 6120 [main] org.owasp.validator.html.Policy:56 The directive "noopenerAndNoreferrerAnchors" is not enabled by default. It is recommended to enable it to prevent reverse tabnabbing attacks.
&amp#27;[32m[INFO]&amp#27;[m 6133 [main] org.owasp.validator.html.Policy:294 Attempting to load AntiSamy policy from an input stream.
&amp#27;[33m[WARN]&amp#27;[m 6158 [main] org.owasp.validator.html.Policy:56 The directive "noopenerAndNoreferrerAnchors" is not enabled by default. It is recommended to enable it to prevent reverse tabnabbing attacks.
&amp#27;[32m[INFO]&amp#27;[m 6159 [main] org.sakaiproject.util.impl.FormattedTextImpl:198 AntiSamy INIT default security level (HIGH), policy files read: high=/home/alumno/Escritorio/Sakai-GPI2/sakai/kernel/kernel-impl/antisamy/high-security-policy.xml, low=/home/alumno/Escritorio/Sakai-GPI2/sakai/kernel/kernel-impl/antisamy/low-security-policy.xml
]]></system-out>
  </testcase>
  <testcase name="testKNL_1253" classname="org.sakaiproject.util.impl.FormattedTextTest" time="0.073">
    <system-out><![CDATA[&amp#27;[32m[INFO]&amp#27;[m 6162 [main] org.sakaiproject.util.impl.FormattedTextImpl:157 FormattedText error handling: return; log errors=false; return to tool=true; notify user=false; details to user=false
&amp#27;[32m[INFO]&amp#27;[m 6181 [main] org.owasp.validator.html.Policy:294 Attempting to load AntiSamy policy from an input stream.
&amp#27;[33m[WARN]&amp#27;[m 6202 [main] org.owasp.validator.html.Policy:56 The directive "noopenerAndNoreferrerAnchors" is not enabled by default. It is recommended to enable it to prevent reverse tabnabbing attacks.
&amp#27;[32m[INFO]&amp#27;[m 6212 [main] org.owasp.validator.html.Policy:294 Attempting to load AntiSamy policy from an input stream.
&amp#27;[33m[WARN]&amp#27;[m 6233 [main] org.owasp.validator.html.Policy:56 The directive "noopenerAndNoreferrerAnchors" is not enabled by default. It is recommended to enable it to prevent reverse tabnabbing attacks.
&amp#27;[32m[INFO]&amp#27;[m 6234 [main] org.sakaiproject.util.impl.FormattedTextImpl:198 AntiSamy INIT default security level (HIGH), policy files read: high=/home/alumno/Escritorio/Sakai-GPI2/sakai/kernel/kernel-impl/antisamy/high-security-policy.xml, low=/home/alumno/Escritorio/Sakai-GPI2/sakai/kernel/kernel-impl/antisamy/low-security-policy.xml
]]></system-out>
  </testcase>
  <testcase name="testKNL_1407" classname="org.sakaiproject.util.impl.FormattedTextTest" time="0.067">
    <system-out><![CDATA[&amp#27;[32m[INFO]&amp#27;[m 6240 [main] org.sakaiproject.util.impl.FormattedTextImpl:157 FormattedText error handling: return; log errors=false; return to tool=true; notify user=false; details to user=false
&amp#27;[32m[INFO]&amp#27;[m 6255 [main] org.owasp.validator.html.Policy:294 Attempting to load AntiSamy policy from an input stream.
&amp#27;[33m[WARN]&amp#27;[m 6275 [main] org.owasp.validator.html.Policy:56 The directive "noopenerAndNoreferrerAnchors" is not enabled by default. It is recommended to enable it to prevent reverse tabnabbing attacks.
&amp#27;[32m[INFO]&amp#27;[m 6285 [main] org.owasp.validator.html.Policy:294 Attempting to load AntiSamy policy from an input stream.
&amp#27;[33m[WARN]&amp#27;[m 6305 [main] org.owasp.validator.html.Policy:56 The directive "noopenerAndNoreferrerAnchors" is not enabled by default. It is recommended to enable it to prevent reverse tabnabbing attacks.
&amp#27;[32m[INFO]&amp#27;[m 6305 [main] org.sakaiproject.util.impl.FormattedTextImpl:198 AntiSamy INIT default security level (HIGH), policy files read: high=/home/alumno/Escritorio/Sakai-GPI2/sakai/kernel/kernel-impl/antisamy/high-security-policy.xml, low=/home/alumno/Escritorio/Sakai-GPI2/sakai/kernel/kernel-impl/antisamy/low-security-policy.xml
]]></system-out>
  </testcase>
  <testcase name="testKNL_1464" classname="org.sakaiproject.util.impl.FormattedTextTest" time="0.061">
    <system-out><![CDATA[&amp#27;[32m[INFO]&amp#27;[m 6307 [main] org.sakaiproject.util.impl.FormattedTextImpl:157 FormattedText error handling: return; log errors=false; return to tool=true; notify user=false; details to user=false
&amp#27;[32m[INFO]&amp#27;[m 6316 [main] org.owasp.validator.html.Policy:294 Attempting to load AntiSamy policy from an input stream.
&amp#27;[33m[WARN]&amp#27;[m 6338 [main] org.owasp.validator.html.Policy:56 The directive "noopenerAndNoreferrerAnchors" is not enabled by default. It is recommended to enable it to prevent reverse tabnabbing attacks.
&amp#27;[32m[INFO]&amp#27;[m 6347 [main] org.owasp.validator.html.Policy:294 Attempting to load AntiSamy policy from an input stream.
&amp#27;[33m[WARN]&amp#27;[m 6364 [main] org.owasp.validator.html.Policy:56 The directive "noopenerAndNoreferrerAnchors" is not enabled by default. It is recommended to enable it to prevent reverse tabnabbing attacks.
&amp#27;[32m[INFO]&amp#27;[m 6364 [main] org.sakaiproject.util.impl.FormattedTextImpl:198 AntiSamy INIT default security level (HIGH), policy files read: high=/home/alumno/Escritorio/Sakai-GPI2/sakai/kernel/kernel-impl/antisamy/high-security-policy.xml, low=/home/alumno/Escritorio/Sakai-GPI2/sakai/kernel/kernel-impl/antisamy/low-security-policy.xml
]]></system-out>
  </testcase>
  <testcase name="testKNL_1487" classname="org.sakaiproject.util.impl.FormattedTextTest" time="0.042">
    <system-out><![CDATA[&amp#27;[32m[INFO]&amp#27;[m 6366 [main] org.sakaiproject.util.impl.FormattedTextImpl:157 FormattedText error handling: return; log errors=false; return to tool=true; notify user=false; details to user=false
&amp#27;[32m[INFO]&amp#27;[m 6374 [main] org.owasp.validator.html.Policy:294 Attempting to load AntiSamy policy from an input stream.
&amp#27;[33m[WARN]&amp#27;[m 6387 [main] org.owasp.validator.html.Policy:56 The directive "noopenerAndNoreferrerAnchors" is not enabled by default. It is recommended to enable it to prevent reverse tabnabbing attacks.
&amp#27;[32m[INFO]&amp#27;[m 6394 [main] org.owasp.validator.html.Policy:294 Attempting to load AntiSamy policy from an input stream.
&amp#27;[33m[WARN]&amp#27;[m 6408 [main] org.owasp.validator.html.Policy:56 The directive "noopenerAndNoreferrerAnchors" is not enabled by default. It is recommended to enable it to prevent reverse tabnabbing attacks.
&amp#27;[32m[INFO]&amp#27;[m 6409 [main] org.sakaiproject.util.impl.FormattedTextImpl:198 AntiSamy INIT default security level (HIGH), policy files read: high=/home/alumno/Escritorio/Sakai-GPI2/sakai/kernel/kernel-impl/antisamy/high-security-policy.xml, low=/home/alumno/Escritorio/Sakai-GPI2/sakai/kernel/kernel-impl/antisamy/low-security-policy.xml
]]></system-out>
  </testcase>
  <testcase name="testKNL_1530" classname="org.sakaiproject.util.impl.FormattedTextTest" time="0.048">
    <system-out><![CDATA[&amp#27;[32m[INFO]&amp#27;[m 6410 [main] org.sakaiproject.util.impl.FormattedTextImpl:157 FormattedText error handling: return; log errors=false; return to tool=true; notify user=false; details to user=false
&amp#27;[32m[INFO]&amp#27;[m 6419 [main] org.owasp.validator.html.Policy:294 Attempting to load AntiSamy policy from an input stream.
&amp#27;[33m[WARN]&amp#27;[m 6434 [main] org.owasp.validator.html.Policy:56 The directive "noopenerAndNoreferrerAnchors" is not enabled by default. It is recommended to enable it to prevent reverse tabnabbing attacks.
&amp#27;[32m[INFO]&amp#27;[m 6442 [main] org.owasp.validator.html.Policy:294 Attempting to load AntiSamy policy from an input stream.
&amp#27;[33m[WARN]&amp#27;[m 6455 [main] org.owasp.validator.html.Policy:56 The directive "noopenerAndNoreferrerAnchors" is not enabled by default. It is recommended to enable it to prevent reverse tabnabbing attacks.
&amp#27;[32m[INFO]&amp#27;[m 6455 [main] org.sakaiproject.util.impl.FormattedTextImpl:198 AntiSamy INIT default security level (HIGH), policy files read: high=/home/alumno/Escritorio/Sakai-GPI2/sakai/kernel/kernel-impl/antisamy/high-security-policy.xml, low=/home/alumno/Escritorio/Sakai-GPI2/sakai/kernel/kernel-impl/antisamy/low-security-policy.xml
]]></system-out>
  </testcase>
  <testcase name="testKNL_1531" classname="org.sakaiproject.util.impl.FormattedTextTest" time="0.048">
    <system-out><![CDATA[&amp#27;[32m[INFO]&amp#27;[m 6458 [main] org.sakaiproject.util.impl.FormattedTextImpl:157 FormattedText error handling: return; log errors=false; return to tool=true; notify user=false; details to user=false
&amp#27;[32m[INFO]&amp#27;[m 6468 [main] org.owasp.validator.html.Policy:294 Attempting to load AntiSamy policy from an input stream.
&amp#27;[33m[WARN]&amp#27;[m 6484 [main] org.owasp.validator.html.Policy:56 The directive "noopenerAndNoreferrerAnchors" is not enabled by default. It is recommended to enable it to prevent reverse tabnabbing attacks.
&amp#27;[32m[INFO]&amp#27;[m 6492 [main] org.owasp.validator.html.Policy:294 Attempting to load AntiSamy policy from an input stream.
&amp#27;[33m[WARN]&amp#27;[m 6505 [main] org.owasp.validator.html.Policy:56 The directive "noopenerAndNoreferrerAnchors" is not enabled by default. It is recommended to enable it to prevent reverse tabnabbing attacks.
&amp#27;[32m[INFO]&amp#27;[m 6505 [main] org.sakaiproject.util.impl.FormattedTextImpl:198 AntiSamy INIT default security level (HIGH), policy files read: high=/home/alumno/Escritorio/Sakai-GPI2/sakai/kernel/kernel-impl/antisamy/high-security-policy.xml, low=/home/alumno/Escritorio/Sakai-GPI2/sakai/kernel/kernel-impl/antisamy/low-security-policy.xml
]]></system-out>
  </testcase>
  <testcase name="testGetShortenedTitles" classname="org.sakaiproject.util.impl.FormattedTextTest" time="0.067">
    <system-out><![CDATA[&amp#27;[32m[INFO]&amp#27;[m 6507 [main] org.sakaiproject.util.impl.FormattedTextImpl:157 FormattedText error handling: return; log errors=false; return to tool=true; notify user=false; details to user=false
&amp#27;[32m[INFO]&amp#27;[m 6515 [main] org.owasp.validator.html.Policy:294 Attempting to load AntiSamy policy from an input stream.
&amp#27;[33m[WARN]&amp#27;[m 6530 [main] org.owasp.validator.html.Policy:56 The directive "noopenerAndNoreferrerAnchors" is not enabled by default. It is recommended to enable it to prevent reverse tabnabbing attacks.
&amp#27;[32m[INFO]&amp#27;[m 6538 [main] org.owasp.validator.html.Policy:294 Attempting to load AntiSamy policy from an input stream.
&amp#27;[33m[WARN]&amp#27;[m 6560 [main] org.owasp.validator.html.Policy:56 The directive "noopenerAndNoreferrerAnchors" is not enabled by default. It is recommended to enable it to prevent reverse tabnabbing attacks.
&amp#27;[32m[INFO]&amp#27;[m 6560 [main] org.sakaiproject.util.impl.FormattedTextImpl:198 AntiSamy INIT default security level (HIGH), policy files read: high=/home/alumno/Escritorio/Sakai-GPI2/sakai/kernel/kernel-impl/antisamy/high-security-policy.xml, low=/home/alumno/Escritorio/Sakai-GPI2/sakai/kernel/kernel-impl/antisamy/low-security-policy.xml
]]></system-out>
  </testcase>
  <testcase name="testNullParams" classname="org.sakaiproject.util.impl.FormattedTextTest" time="0.049">
    <system-out><![CDATA[&amp#27;[32m[INFO]&amp#27;[m 6578 [main] org.sakaiproject.util.impl.FormattedTextImpl:157 FormattedText error handling: return; log errors=false; return to tool=true; notify user=false; details to user=false
&amp#27;[32m[INFO]&amp#27;[m 6587 [main] org.owasp.validator.html.Policy:294 Attempting to load AntiSamy policy from an input stream.
&amp#27;[33m[WARN]&amp#27;[m 6600 [main] org.owasp.validator.html.Policy:56 The directive "noopenerAndNoreferrerAnchors" is not enabled by default. It is recommended to enable it to prevent reverse tabnabbing attacks.
&amp#27;[32m[INFO]&amp#27;[m 6608 [main] org.owasp.validator.html.Policy:294 Attempting to load AntiSamy policy from an input stream.
&amp#27;[33m[WARN]&amp#27;[m 6621 [main] org.owasp.validator.html.Policy:56 The directive "noopenerAndNoreferrerAnchors" is not enabled by default. It is recommended to enable it to prevent reverse tabnabbing attacks.
&amp#27;[32m[INFO]&amp#27;[m 6621 [main] org.sakaiproject.util.impl.FormattedTextImpl:198 AntiSamy INIT default security level (HIGH), policy files read: high=/home/alumno/Escritorio/Sakai-GPI2/sakai/kernel/kernel-impl/antisamy/high-security-policy.xml, low=/home/alumno/Escritorio/Sakai-GPI2/sakai/kernel/kernel-impl/antisamy/low-security-policy.xml
]]></system-out>
  </testcase>
  <testcase name="testCanEncodeQueryString" classname="org.sakaiproject.util.impl.FormattedTextTest" time="0.053">
    <system-out><![CDATA[&amp#27;[32m[INFO]&amp#27;[m 6623 [main] org.sakaiproject.util.impl.FormattedTextImpl:157 FormattedText error handling: return; log errors=false; return to tool=true; notify user=false; details to user=false
&amp#27;[32m[INFO]&amp#27;[m 6631 [main] org.owasp.validator.html.Policy:294 Attempting to load AntiSamy policy from an input stream.
&amp#27;[33m[WARN]&amp#27;[m 6646 [main] org.owasp.validator.html.Policy:56 The directive "noopenerAndNoreferrerAnchors" is not enabled by default. It is recommended to enable it to prevent reverse tabnabbing attacks.
&amp#27;[32m[INFO]&amp#27;[m 6655 [main] org.owasp.validator.html.Policy:294 Attempting to load AntiSamy policy from an input stream.
&amp#27;[33m[WARN]&amp#27;[m 6673 [main] org.owasp.validator.html.Policy:56 The directive "noopenerAndNoreferrerAnchors" is not enabled by default. It is recommended to enable it to prevent reverse tabnabbing attacks.
&amp#27;[32m[INFO]&amp#27;[m 6673 [main] org.sakaiproject.util.impl.FormattedTextImpl:198 AntiSamy INIT default security level (HIGH), policy files read: high=/home/alumno/Escritorio/Sakai-GPI2/sakai/kernel/kernel-impl/antisamy/high-security-policy.xml, low=/home/alumno/Escritorio/Sakai-GPI2/sakai/kernel/kernel-impl/antisamy/low-security-policy.xml
]]></system-out>
  </testcase>
  <testcase name="testTargetNotOverridden" classname="org.sakaiproject.util.impl.FormattedTextTest" time="0.079">
    <system-out><![CDATA[&amp#27;[32m[INFO]&amp#27;[m 6678 [main] org.sakaiproject.util.impl.FormattedTextImpl:157 FormattedText error handling: return; log errors=false; return to tool=true; notify user=false; details to user=false
&amp#27;[32m[INFO]&amp#27;[m 6693 [main] org.owasp.validator.html.Policy:294 Attempting to load AntiSamy policy from an input stream.
&amp#27;[33m[WARN]&amp#27;[m 6715 [main] org.owasp.validator.html.Policy:56 The directive "noopenerAndNoreferrerAnchors" is not enabled by default. It is recommended to enable it to prevent reverse tabnabbing attacks.
&amp#27;[32m[INFO]&amp#27;[m 6726 [main] org.owasp.validator.html.Policy:294 Attempting to load AntiSamy policy from an input stream.
&amp#27;[33m[WARN]&amp#27;[m 6748 [main] org.owasp.validator.html.Policy:56 The directive "noopenerAndNoreferrerAnchors" is not enabled by default. It is recommended to enable it to prevent reverse tabnabbing attacks.
&amp#27;[32m[INFO]&amp#27;[m 6749 [main] org.sakaiproject.util.impl.FormattedTextImpl:198 AntiSamy INIT default security level (HIGH), policy files read: high=/home/alumno/Escritorio/Sakai-GPI2/sakai/kernel/kernel-impl/antisamy/high-security-policy.xml, low=/home/alumno/Escritorio/Sakai-GPI2/sakai/kernel/kernel-impl/antisamy/low-security-policy.xml
]]></system-out>
  </testcase>
  <testcase name="testSAK_18269" classname="org.sakaiproject.util.impl.FormattedTextTest" time="0.08">
    <system-out><![CDATA[&amp#27;[32m[INFO]&amp#27;[m 6756 [main] org.sakaiproject.util.impl.FormattedTextImpl:157 FormattedText error handling: return; log errors=false; return to tool=true; notify user=false; details to user=false
&amp#27;[32m[INFO]&amp#27;[m 6769 [main] org.owasp.validator.html.Policy:294 Attempting to load AntiSamy policy from an input stream.
&amp#27;[33m[WARN]&amp#27;[m 6799 [main] org.owasp.validator.html.Policy:56 The directive "noopenerAndNoreferrerAnchors" is not enabled by default. It is recommended to enable it to prevent reverse tabnabbing attacks.
&amp#27;[32m[INFO]&amp#27;[m 6808 [main] org.owasp.validator.html.Policy:294 Attempting to load AntiSamy policy from an input stream.
&amp#27;[33m[WARN]&amp#27;[m 6828 [main] org.owasp.validator.html.Policy:56 The directive "noopenerAndNoreferrerAnchors" is not enabled by default. It is recommended to enable it to prevent reverse tabnabbing attacks.
&amp#27;[32m[INFO]&amp#27;[m 6829 [main] org.sakaiproject.util.impl.FormattedTextImpl:198 AntiSamy INIT default security level (HIGH), policy files read: high=/home/alumno/Escritorio/Sakai-GPI2/sakai/kernel/kernel-impl/antisamy/high-security-policy.xml, low=/home/alumno/Escritorio/Sakai-GPI2/sakai/kernel/kernel-impl/antisamy/low-security-policy.xml
]]></system-out>
  </testcase>
  <testcase name="testCanIgnoreExistingHref" classname="org.sakaiproject.util.impl.FormattedTextTest" time="0.079">
    <system-out><![CDATA[&amp#27;[32m[INFO]&amp#27;[m 6831 [main] org.sakaiproject.util.impl.FormattedTextImpl:157 FormattedText error handling: return; log errors=false; return to tool=true; notify user=false; details to user=false
&amp#27;[32m[INFO]&amp#27;[m 6845 [main] org.owasp.validator.html.Policy:294 Attempting to load AntiSamy policy from an input stream.
&amp#27;[33m[WARN]&amp#27;[m 6870 [main] org.owasp.validator.html.Policy:56 The directive "noopenerAndNoreferrerAnchors" is not enabled by default. It is recommended to enable it to prevent reverse tabnabbing attacks.
&amp#27;[32m[INFO]&amp#27;[m 6880 [main] org.owasp.validator.html.Policy:294 Attempting to load AntiSamy policy from an input stream.
&amp#27;[33m[WARN]&amp#27;[m 6913 [main] org.owasp.validator.html.Policy:56 The directive "noopenerAndNoreferrerAnchors" is not enabled by default. It is recommended to enable it to prevent reverse tabnabbing attacks.
&amp#27;[32m[INFO]&amp#27;[m 6913 [main] org.sakaiproject.util.impl.FormattedTextImpl:198 AntiSamy INIT default security level (HIGH), policy files read: high=/home/alumno/Escritorio/Sakai-GPI2/sakai/kernel/kernel-impl/antisamy/high-security-policy.xml, low=/home/alumno/Escritorio/Sakai-GPI2/sakai/kernel/kernel-impl/antisamy/low-security-policy.xml
]]></system-out>
  </testcase>
  <testcase name="testALongUrlFromNyTimes" classname="org.sakaiproject.util.impl.FormattedTextTest" time="0.065">
    <system-out><![CDATA[&amp#27;[32m[INFO]&amp#27;[m 6918 [main] org.sakaiproject.util.impl.FormattedTextImpl:157 FormattedText error handling: return; log errors=false; return to tool=true; notify user=false; details to user=false
&amp#27;[32m[INFO]&amp#27;[m 6927 [main] org.owasp.validator.html.Policy:294 Attempting to load AntiSamy policy from an input stream.
&amp#27;[33m[WARN]&amp#27;[m 6946 [main] org.owasp.validator.html.Policy:56 The directive "noopenerAndNoreferrerAnchors" is not enabled by default. It is recommended to enable it to prevent reverse tabnabbing attacks.
&amp#27;[32m[INFO]&amp#27;[m 6955 [main] org.owasp.validator.html.Policy:294 Attempting to load AntiSamy policy from an input stream.
&amp#27;[33m[WARN]&amp#27;[m 6975 [main] org.owasp.validator.html.Policy:56 The directive "noopenerAndNoreferrerAnchors" is not enabled by default. It is recommended to enable it to prevent reverse tabnabbing attacks.
&amp#27;[32m[INFO]&amp#27;[m 6976 [main] org.sakaiproject.util.impl.FormattedTextImpl:198 AntiSamy INIT default security level (HIGH), policy files read: high=/home/alumno/Escritorio/Sakai-GPI2/sakai/kernel/kernel-impl/antisamy/high-security-policy.xml, low=/home/alumno/Escritorio/Sakai-GPI2/sakai/kernel/kernel-impl/antisamy/low-security-policy.xml
]]></system-out>
  </testcase>
  <testcase name="testAntisamyProcessFormattedText" classname="org.sakaiproject.util.impl.FormattedTextTest" time="0.066">
    <system-out><![CDATA[&amp#27;[32m[INFO]&amp#27;[m 6977 [main] org.sakaiproject.util.impl.FormattedTextImpl:157 FormattedText error handling: return; log errors=false; return to tool=true; notify user=false; details to user=false
&amp#27;[32m[INFO]&amp#27;[m 6988 [main] org.owasp.validator.html.Policy:294 Attempting to load AntiSamy policy from an input stream.
&amp#27;[33m[WARN]&amp#27;[m 7007 [main] org.owasp.validator.html.Policy:56 The directive "noopenerAndNoreferrerAnchors" is not enabled by default. It is recommended to enable it to prevent reverse tabnabbing attacks.
&amp#27;[32m[INFO]&amp#27;[m 7017 [main] org.owasp.validator.html.Policy:294 Attempting to load AntiSamy policy from an input stream.
&amp#27;[33m[WARN]&amp#27;[m 7036 [main] org.owasp.validator.html.Policy:56 The directive "noopenerAndNoreferrerAnchors" is not enabled by default. It is recommended to enable it to prevent reverse tabnabbing attacks.
&amp#27;[32m[INFO]&amp#27;[m 7036 [main] org.sakaiproject.util.impl.FormattedTextImpl:198 AntiSamy INIT default security level (HIGH), policy files read: high=/home/alumno/Escritorio/Sakai-GPI2/sakai/kernel/kernel-impl/antisamy/high-security-policy.xml, low=/home/alumno/Escritorio/Sakai-GPI2/sakai/kernel/kernel-impl/antisamy/low-security-policy.xml
]]></system-out>
  </testcase>
  <testcase name="testUnbalancedMarkup" classname="org.sakaiproject.util.impl.FormattedTextTest" time="0.059">
    <system-out><![CDATA[&amp#27;[32m[INFO]&amp#27;[m 7040 [main] org.sakaiproject.util.impl.FormattedTextImpl:157 FormattedText error handling: return; log errors=false; return to tool=true; notify user=false; details to user=false
&amp#27;[32m[INFO]&amp#27;[m 7049 [main] org.owasp.validator.html.Policy:294 Attempting to load AntiSamy policy from an input stream.
&amp#27;[33m[WARN]&amp#27;[m 7069 [main] org.owasp.validator.html.Policy:56 The directive "noopenerAndNoreferrerAnchors" is not enabled by default. It is recommended to enable it to prevent reverse tabnabbing attacks.
&amp#27;[32m[INFO]&amp#27;[m 7078 [main] org.owasp.validator.html.Policy:294 Attempting to load AntiSamy policy from an input stream.
&amp#27;[33m[WARN]&amp#27;[m 7105 [main] org.owasp.validator.html.Policy:56 The directive "noopenerAndNoreferrerAnchors" is not enabled by default. It is recommended to enable it to prevent reverse tabnabbing attacks.
&amp#27;[32m[INFO]&amp#27;[m 7105 [main] org.sakaiproject.util.impl.FormattedTextImpl:198 AntiSamy INIT default security level (HIGH), policy files read: high=/home/alumno/Escritorio/Sakai-GPI2/sakai/kernel/kernel-impl/antisamy/high-security-policy.xml, low=/home/alumno/Escritorio/Sakai-GPI2/sakai/kernel/kernel-impl/antisamy/low-security-policy.xml
]]></system-out>
  </testcase>
</testsuite>